2021-10-22 07:37:48.383  INFO 27399 --- [main] c.demo.start.SpringBootdemoApplication   : Starting SpringBootdemoApplication on Yaos-MacBook-Pro.local with PID 27399 (/Users/yonglun/Documents/code/java/spring-boot-demo/target/classes started by a in /Users/yonglun/Documents/code/java/spring-boot-demo)
2021-10-22 07:37:48.390  INFO 27399 --- [main] c.demo.start.SpringBootdemoApplication   : No active profile set, falling back to default profiles: default
2021-10-22 07:37:48.444  INFO 27399 --- [main] ConfigServletWebServerApplicationContext : Refreshing org.springframework.boot.web.servlet.context.AnnotationConfigServletWebServerApplicationContext@673be18f: startup date [Fri Oct 22 07:37:48 CST 2021]; root of context hierarchy
2021-10-22 07:37:49.593  INFO 27399 --- [main] o.s.b.w.embedded.tomcat.TomcatWebServer  : Tomcat initialized with port(s): 8888 (http)
2021-10-22 07:37:49.639  INFO 27399 --- [main] o.apache.catalina.core.StandardService   : Starting service [Tomcat]
2021-10-22 07:37:49.640  INFO 27399 --- [main] org.apache.catalina.core.StandardEngine  : Starting Servlet Engine: Apache Tomcat/8.5.31
2021-10-22 07:37:49.646  INFO 27399 --- [localhost-startStop-1] o.a.catalina.core.AprLifecycleListener   : The APR based Apache Tomcat Native library which allows optimal performance in production environments was not found on the java.library.path: [/Users/yonglun/Library/Java/Extensions:/Library/Java/Extensions:/Network/Library/Java/Extensions:/System/Library/Java/Extensions:/usr/lib/java:.]
2021-10-22 07:37:49.754  INFO 27399 --- [localhost-startStop-1] o.a.c.c.C.[Tomcat].[localhost].[/]       : Initializing Spring embedded WebApplicationContext
2021-10-22 07:37:49.754  INFO 27399 --- [localhost-startStop-1] o.s.web.context.ContextLoader            : Root WebApplicationContext: initialization completed in 1311 ms
2021-10-22 07:37:49.932  INFO 27399 --- [localhost-startStop-1] o.s.b.w.servlet.ServletRegistrationBean  : Servlet dispatcherServlet mapped to [/]
2021-10-22 07:37:49.939  INFO 27399 --- [localhost-startStop-1] o.s.b.w.servlet.FilterRegistrationBean   : Mapping filter: 'characterEncodingFilter' to: [/*]
2021-10-22 07:37:49.939  INFO 27399 --- [localhost-startStop-1] o.s.b.w.servlet.FilterRegistrationBean   : Mapping filter: 'hiddenHttpMethodFilter' to: [/*]
2021-10-22 07:37:49.939  INFO 27399 --- [localhost-startStop-1] o.s.b.w.servlet.FilterRegistrationBean   : Mapping filter: 'httpPutFormContentFilter' to: [/*]
2021-10-22 07:37:49.940  INFO 27399 --- [localhost-startStop-1] o.s.b.w.servlet.FilterRegistrationBean   : Mapping filter: 'requestContextFilter' to: [/*]
2021-10-22 07:37:50.095  INFO 27399 --- [main] o.s.w.s.handler.SimpleUrlHandlerMapping  : Mapped URL path [/**/favicon.ico] onto handler of type [class org.springframework.web.servlet.resource.ResourceHttpRequestHandler]
2021-10-22 07:37:50.388  INFO 27399 --- [main] s.w.s.m.m.a.RequestMappingHandlerAdapter : Looking for @ControllerAdvice: org.springframework.boot.web.servlet.context.AnnotationConfigServletWebServerApplicationContext@673be18f: startup date [Fri Oct 22 07:37:48 CST 2021]; root of context hierarchy
2021-10-22 07:37:50.473  INFO 27399 --- [main] s.w.s.m.m.a.RequestMappingHandlerMapping : Mapped "{[/app/status]}" onto public java.lang.String com.demo.controller.HuaweiStatus.getStatus()
2021-10-22 07:37:50.475  INFO 27399 --- [main] s.w.s.m.m.a.RequestMappingHandlerMapping : Mapped "{[/app/test]}" onto public java.lang.String com.demo.controller.TestController.testDemo()
2021-10-22 07:37:50.481  INFO 27399 --- [main] s.w.s.m.m.a.RequestMappingHandlerMapping : Mapped "{[/error]}" onto public org.springframework.http.ResponseEntity<java.util.Map<java.lang.String, java.lang.Object>> org.springframework.boot.autoconfigure.web.servlet.error.BasicErrorController.error(javax.servlet.http.HttpServletRequest)
2021-10-22 07:37:50.482  INFO 27399 --- [main] s.w.s.m.m.a.RequestMappingHandlerMapping : Mapped "{[/error],produces=[text/html]}" onto public org.springframework.web.servlet.ModelAndView org.springframework.boot.autoconfigure.web.servlet.error.BasicErrorController.errorHtml(javax.servlet.http.HttpServletRequest,javax.servlet.http.HttpServletResponse)
2021-10-22 07:37:50.522  INFO 27399 --- [main] o.s.w.s.handler.SimpleUrlHandlerMapping  : Mapped URL path [/webjars/**] onto handler of type [class org.springframework.web.servlet.resource.ResourceHttpRequestHandler]
2021-10-22 07:37:50.523  INFO 27399 --- [main] o.s.w.s.handler.SimpleUrlHandlerMapping  : Mapped URL path [/**] onto handler of type [class org.springframework.web.servlet.resource.ResourceHttpRequestHandler]
2021-10-22 07:37:50.714  INFO 27399 --- [main] o.s.j.e.a.AnnotationMBeanExporter        : Registering beans for JMX exposure on startup
2021-10-22 07:37:50.789  INFO 27399 --- [main] o.s.b.w.embedded.tomcat.TomcatWebServer  : Tomcat started on port(s): 8888 (http) with context path ''
2021-10-22 07:37:50.797  INFO 27399 --- [main] c.demo.start.SpringBootdemoApplication   : Started SpringBootdemoApplication in 3.123 seconds (JVM running for 6.13)
2021-10-22 07:38:06.805  INFO 27399 --- [http-nio-8888-exec-1] o.a.c.c.C.[Tomcat].[localhost].[/]       : Initializing Spring FrameworkServlet 'dispatcherServlet'
2021-10-22 07:38:06.805  INFO 27399 --- [http-nio-8888-exec-1] o.s.web.servlet.DispatcherServlet        : FrameworkServlet 'dispatcherServlet': initialization started
2021-10-22 07:38:06.840  INFO 27399 --- [http-nio-8888-exec-1] o.s.web.servlet.DispatcherServlet        : FrameworkServlet 'dispatcherServlet': initialization completed in 35 ms
2021-10-22 07:39:38.960  INFO 27399 --- [Thread-10] ConfigServletWebServerApplicationContext : Closing org.springframework.boot.web.servlet.context.AnnotationConfigServletWebServerApplicationContext@673be18f: startup date [Fri Oct 22 07:37:48 CST 2021]; root of context hierarchy
2021-10-22 07:39:38.963  INFO 27399 --- [Thread-10] o.s.j.e.a.AnnotationMBeanExporter        : Unregistering JMX-exposed beans on shutdown
2021-10-22 07:40:22.147  INFO 27483 --- [main] c.demo.start.SpringBootdemoApplication   : Starting SpringBootdemoApplication on Yaos-MacBook-Pro.local with PID 27483 (/Users/yonglun/Documents/code/java/spring-boot-demo/target/classes started by a in /Users/yonglun/Documents/code/java/spring-boot-demo)
2021-10-22 07:40:22.154  INFO 27483 --- [main] c.demo.start.SpringBootdemoApplication   : No active profile set, falling back to default profiles: default
2021-10-22 07:40:22.310  INFO 27483 --- [main] ConfigServletWebServerApplicationContext : Refreshing org.springframework.boot.web.servlet.context.AnnotationConfigServletWebServerApplicationContext@6c4980d3: startup date [Fri Oct 22 07:40:22 CST 2021]; root of context hierarchy
2021-10-22 07:40:24.034  INFO 27483 --- [main] o.s.b.w.embedded.tomcat.TomcatWebServer  : Tomcat initialized with port(s): 8888 (http)
2021-10-22 07:40:24.088  INFO 27483 --- [main] o.apache.catalina.core.StandardService   : Starting service [Tomcat]
2021-10-22 07:40:24.089  INFO 27483 --- [main] org.apache.catalina.core.StandardEngine  : Starting Servlet Engine: Apache Tomcat/8.5.31
2021-10-22 07:40:24.098  INFO 27483 --- [localhost-startStop-1] o.a.catalina.core.AprLifecycleListener   : The APR based Apache Tomcat Native library which allows optimal performance in production environments was not found on the java.library.path: [/Users/yonglun/Library/Java/Extensions:/Library/Java/Extensions:/Network/Library/Java/Extensions:/System/Library/Java/Extensions:/usr/lib/java:.]
2021-10-22 07:40:24.222  INFO 27483 --- [localhost-startStop-1] o.a.c.c.C.[Tomcat].[localhost].[/]       : Initializing Spring embedded WebApplicationContext
2021-10-22 07:40:24.223  INFO 27483 --- [localhost-startStop-1] o.s.web.context.ContextLoader            : Root WebApplicationContext: initialization completed in 1913 ms
2021-10-22 07:40:24.401  INFO 27483 --- [localhost-startStop-1] o.s.b.w.servlet.ServletRegistrationBean  : Servlet dispatcherServlet mapped to [/]
2021-10-22 07:40:24.407  INFO 27483 --- [localhost-startStop-1] o.s.b.w.servlet.FilterRegistrationBean   : Mapping filter: 'characterEncodingFilter' to: [/*]
2021-10-22 07:40:24.407  INFO 27483 --- [localhost-startStop-1] o.s.b.w.servlet.FilterRegistrationBean   : Mapping filter: 'hiddenHttpMethodFilter' to: [/*]
2021-10-22 07:40:24.408  INFO 27483 --- [localhost-startStop-1] o.s.b.w.servlet.FilterRegistrationBean   : Mapping filter: 'httpPutFormContentFilter' to: [/*]
2021-10-22 07:40:24.408  INFO 27483 --- [localhost-startStop-1] o.s.b.w.servlet.FilterRegistrationBean   : Mapping filter: 'requestContextFilter' to: [/*]
2021-10-22 07:40:24.556  INFO 27483 --- [main] o.s.w.s.handler.SimpleUrlHandlerMapping  : Mapped URL path [/**/favicon.ico] onto handler of type [class org.springframework.web.servlet.resource.ResourceHttpRequestHandler]
2021-10-22 07:40:24.832  INFO 27483 --- [main] s.w.s.m.m.a.RequestMappingHandlerAdapter : Looking for @ControllerAdvice: org.springframework.boot.web.servlet.context.AnnotationConfigServletWebServerApplicationContext@6c4980d3: startup date [Fri Oct 22 07:40:22 CST 2021]; root of context hierarchy
2021-10-22 07:40:24.920  INFO 27483 --- [main] s.w.s.m.m.a.RequestMappingHandlerMapping : Mapped "{[/app/status]}" onto public java.lang.String com.demo.controller.HuaweiStatus.getStatus()
2021-10-22 07:40:24.923  INFO 27483 --- [main] s.w.s.m.m.a.RequestMappingHandlerMapping : Mapped "{[/app/test]}" onto public java.lang.String com.demo.controller.TestController.testDemo()
2021-10-22 07:40:24.932  INFO 27483 --- [main] s.w.s.m.m.a.RequestMappingHandlerMapping : Mapped "{[/error]}" onto public org.springframework.http.ResponseEntity<java.util.Map<java.lang.String, java.lang.Object>> org.springframework.boot.autoconfigure.web.servlet.error.BasicErrorController.error(javax.servlet.http.HttpServletRequest)
2021-10-22 07:40:24.933  INFO 27483 --- [main] s.w.s.m.m.a.RequestMappingHandlerMapping : Mapped "{[/error],produces=[text/html]}" onto public org.springframework.web.servlet.ModelAndView org.springframework.boot.autoconfigure.web.servlet.error.BasicErrorController.errorHtml(javax.servlet.http.HttpServletRequest,javax.servlet.http.HttpServletResponse)
2021-10-22 07:40:24.981  INFO 27483 --- [main] o.s.w.s.handler.SimpleUrlHandlerMapping  : Mapped URL path [/webjars/**] onto handler of type [class org.springframework.web.servlet.resource.ResourceHttpRequestHandler]
2021-10-22 07:40:24.981  INFO 27483 --- [main] o.s.w.s.handler.SimpleUrlHandlerMapping  : Mapped URL path [/**] onto handler of type [class org.springframework.web.servlet.resource.ResourceHttpRequestHandler]
2021-10-22 07:40:25.316  INFO 27483 --- [main] o.s.j.e.a.AnnotationMBeanExporter        : Registering beans for JMX exposure on startup
2021-10-22 07:40:25.384  INFO 27483 --- [main] o.s.b.w.embedded.tomcat.TomcatWebServer  : Tomcat started on port(s): 8888 (http) with context path ''
2021-10-22 07:40:25.390  INFO 27483 --- [main] c.demo.start.SpringBootdemoApplication   : Started SpringBootdemoApplication in 3.997 seconds (JVM running for 5.085)
2021-10-22 07:40:32.583  INFO 27483 --- [http-nio-8888-exec-1] o.a.c.c.C.[Tomcat].[localhost].[/]       : Initializing Spring FrameworkServlet 'dispatcherServlet'
2021-10-22 07:40:32.583  INFO 27483 --- [http-nio-8888-exec-1] o.s.web.servlet.DispatcherServlet        : FrameworkServlet 'dispatcherServlet': initialization started
2021-10-22 07:40:32.622  INFO 27483 --- [http-nio-8888-exec-1] o.s.web.servlet.DispatcherServlet        : FrameworkServlet 'dispatcherServlet': initialization completed in 38 ms
2021-10-22 07:41:37.213  INFO 27483 --- [Thread-10] ConfigServletWebServerApplicationContext : Closing org.springframework.boot.web.servlet.context.AnnotationConfigServletWebServerApplicationContext@6c4980d3: startup date [Fri Oct 22 07:40:22 CST 2021]; root of context hierarchy
2021-10-22 07:41:37.215  INFO 27483 --- [Thread-10] o.s.j.e.a.AnnotationMBeanExporter        : Unregistering JMX-exposed beans on shutdown
2021-10-22 09:18:05.223  INFO 20260 --- [main] c.demo.start.SpringBootdemoApplication   : Starting SpringBootdemoApplication on DESKTOP-7JQPCHV with PID 20260 (D:\code\spring-boot-demo\target\classes started by yonglunyao in D:\code\spring-boot-demo)
2021-10-22 09:18:05.225  INFO 20260 --- [main] c.demo.start.SpringBootdemoApplication   : No active profile set, falling back to default profiles: default
2021-10-22 09:18:05.256  INFO 20260 --- [main] ConfigServletWebServerApplicationContext : Refreshing org.springframework.boot.web.servlet.context.AnnotationConfigServletWebServerApplicationContext@7b8b43c7: startup date [Fri Oct 22 09:18:05 CST 2021]; root of context hierarchy
2021-10-22 09:18:05.953  INFO 20260 --- [main] o.s.b.w.embedded.tomcat.TomcatWebServer  : Tomcat initialized with port(s): 8080 (http)
2021-10-22 09:18:05.967  INFO 20260 --- [main] o.apache.catalina.core.StandardService   : Starting service [Tomcat]
2021-10-22 09:18:05.967  INFO 20260 --- [main] org.apache.catalina.core.StandardEngine  : Starting Servlet Engine: Apache Tomcat/8.5.31
2021-10-22 09:18:05.971  INFO 20260 --- [localhost-startStop-1] o.a.catalina.core.AprLifecycleListener   : The APR based Apache Tomcat Native library which allows optimal performance in production environments was not found on the java.library.path: [C:\Program Files\Java\jdk1.8.0_201\bin;C:\Windows\Sun\Java\bin;C:\Windows\system32;C:\Windows;C:\Program Files (x86)\Common Files\Oracle\Java\javapath;C:\Windows\system32;C:\Windows;C:\Windows\System32\Wbem;C:\Windows\System32\WindowsPowerShell\v1.0\;C:\Windows\System32\OpenSSH\;D:\Program Files\MATLAB\R2016b\runtime\win64;D:\Program Files\MATLAB\R2016b\bin;C:\Program Files\Git\cmd;C:\Program Files (x86)\NetSarang\Xftp 7\;D:\apache-maven-3.8.3\bin;;C:\Program Files (x86)\NVIDIA Corporation\PhysX\Common;C:\Users\yonglunyao\AppData\Local\Microsoft\WindowsApps;C:\Program Files\JetBrains\IntelliJ IDEA 2021.2\bin;C:\Program Files (x86)\MaShang6\bin;C:\Program Files\Microsoft Office\root\Client;.]
2021-10-22 09:18:06.069  INFO 20260 --- [localhost-startStop-1] o.a.c.c.C.[Tomcat].[localhost].[/]       : Initializing Spring embedded WebApplicationContext
2021-10-22 09:18:06.069  INFO 20260 --- [localhost-startStop-1] o.s.web.context.ContextLoader            : Root WebApplicationContext: initialization completed in 813 ms
2021-10-22 09:18:06.204  INFO 20260 --- [localhost-startStop-1] o.s.b.w.servlet.ServletRegistrationBean  : Servlet dispatcherServlet mapped to [/]
2021-10-22 09:18:06.208  INFO 20260 --- [localhost-startStop-1] o.s.b.w.servlet.FilterRegistrationBean   : Mapping filter: 'characterEncodingFilter' to: [/*]
2021-10-22 09:18:06.209  INFO 20260 --- [localhost-startStop-1] o.s.b.w.servlet.FilterRegistrationBean   : Mapping filter: 'hiddenHttpMethodFilter' to: [/*]
2021-10-22 09:18:06.209  INFO 20260 --- [localhost-startStop-1] o.s.b.w.servlet.FilterRegistrationBean   : Mapping filter: 'httpPutFormContentFilter' to: [/*]
2021-10-22 09:18:06.209  INFO 20260 --- [localhost-startStop-1] o.s.b.w.servlet.FilterRegistrationBean   : Mapping filter: 'requestContextFilter' to: [/*]
2021-10-22 09:18:06.302  INFO 20260 --- [main] o.s.w.s.handler.SimpleUrlHandlerMapping  : Mapped URL path [/**/favicon.ico] onto handler of type [class org.springframework.web.servlet.resource.ResourceHttpRequestHandler]
2021-10-22 09:18:06.455  INFO 20260 --- [main] s.w.s.m.m.a.RequestMappingHandlerAdapter : Looking for @ControllerAdvice: org.springframework.boot.web.servlet.context.AnnotationConfigServletWebServerApplicationContext@7b8b43c7: startup date [Fri Oct 22 09:18:05 CST 2021]; root of context hierarchy
2021-10-22 09:18:06.499  INFO 20260 --- [main] s.w.s.m.m.a.RequestMappingHandlerMapping : Mapped "{[/app/status]}" onto public java.lang.String com.demo.controller.HuaweiStatus.getStatus()
2021-10-22 09:18:06.500  INFO 20260 --- [main] s.w.s.m.m.a.RequestMappingHandlerMapping : Mapped "{[/app/test]}" onto public java.lang.String com.demo.controller.TestController.testDemo()
2021-10-22 09:18:06.503  INFO 20260 --- [main] s.w.s.m.m.a.RequestMappingHandlerMapping : Mapped "{[/error]}" onto public org.springframework.http.ResponseEntity<java.util.Map<java.lang.String, java.lang.Object>> org.springframework.boot.autoconfigure.web.servlet.error.BasicErrorController.error(javax.servlet.http.HttpServletRequest)
2021-10-22 09:18:06.504  INFO 20260 --- [main] s.w.s.m.m.a.RequestMappingHandlerMapping : Mapped "{[/error],produces=[text/html]}" onto public org.springframework.web.servlet.ModelAndView org.springframework.boot.autoconfigure.web.servlet.error.BasicErrorController.errorHtml(javax.servlet.http.HttpServletRequest,javax.servlet.http.HttpServletResponse)
2021-10-22 09:18:06.524  INFO 20260 --- [main] o.s.w.s.handler.SimpleUrlHandlerMapping  : Mapped URL path [/webjars/**] onto handler of type [class org.springframework.web.servlet.resource.ResourceHttpRequestHandler]
2021-10-22 09:18:06.524  INFO 20260 --- [main] o.s.w.s.handler.SimpleUrlHandlerMapping  : Mapped URL path [/**] onto handler of type [class org.springframework.web.servlet.resource.ResourceHttpRequestHandler]
2021-10-22 09:18:06.639  INFO 20260 --- [main] o.s.j.e.a.AnnotationMBeanExporter        : Registering beans for JMX exposure on startup
2021-10-22 09:18:06.670  INFO 20260 --- [main] o.s.b.w.embedded.tomcat.TomcatWebServer  : Tomcat started on port(s): 8080 (http) with context path ''
2021-10-22 09:18:06.674  INFO 20260 --- [main] c.demo.start.SpringBootdemoApplication   : Started SpringBootdemoApplication in 1.765 seconds (JVM running for 3.169)
2021-10-22 09:18:27.798  INFO 20260 --- [http-nio-8080-exec-1] o.a.c.c.C.[Tomcat].[localhost].[/]       : Initializing Spring FrameworkServlet 'dispatcherServlet'
2021-10-22 09:18:27.798  INFO 20260 --- [http-nio-8080-exec-1] o.s.web.servlet.DispatcherServlet        : FrameworkServlet 'dispatcherServlet': initialization started
2021-10-22 09:18:27.824  INFO 20260 --- [http-nio-8080-exec-1] o.s.web.servlet.DispatcherServlet        : FrameworkServlet 'dispatcherServlet': initialization completed in 26 ms
2021-10-22 09:19:37.734  INFO 20260 --- [Thread-3] ConfigServletWebServerApplicationContext : Closing org.springframework.boot.web.servlet.context.AnnotationConfigServletWebServerApplicationContext@7b8b43c7: startup date [Fri Oct 22 09:18:05 CST 2021]; root of context hierarchy
2021-10-22 09:19:37.737  INFO 20260 --- [Thread-3] o.s.j.e.a.AnnotationMBeanExporter        : Unregistering JMX-exposed beans on shutdown
2021-10-22 09:21:25.943  INFO 6000 --- [main] c.demo.start.SpringBootdemoApplication   : Starting SpringBootdemoApplication on DESKTOP-7JQPCHV with PID 6000 (D:\code\spring-boot-demo\target\classes started by yonglunyao in D:\code\spring-boot-demo)
2021-10-22 09:21:25.946  INFO 6000 --- [main] c.demo.start.SpringBootdemoApplication   : No active profile set, falling back to default profiles: default
2021-10-22 09:21:25.989  INFO 6000 --- [main] ConfigServletWebServerApplicationContext : Refreshing org.springframework.boot.web.servlet.context.AnnotationConfigServletWebServerApplicationContext@4331d187: startup date [Fri Oct 22 09:21:25 CST 2021]; root of context hierarchy
2021-10-22 09:21:26.767  INFO 6000 --- [main] o.s.b.w.embedded.tomcat.TomcatWebServer  : Tomcat initialized with port(s): 8080 (http)
2021-10-22 09:21:26.781  INFO 6000 --- [main] o.apache.catalina.core.StandardService   : Starting service [Tomcat]
2021-10-22 09:21:26.782  INFO 6000 --- [main] org.apache.catalina.core.StandardEngine  : Starting Servlet Engine: Apache Tomcat/8.5.31
2021-10-22 09:21:26.785  INFO 6000 --- [localhost-startStop-1] o.a.catalina.core.AprLifecycleListener   : The APR based Apache Tomcat Native library which allows optimal performance in production environments was not found on the java.library.path: [C:\Program Files\Java\jdk1.8.0_201\bin;C:\Windows\Sun\Java\bin;C:\Windows\system32;C:\Windows;C:\Program Files (x86)\Common Files\Oracle\Java\javapath;C:\Windows\system32;C:\Windows;C:\Windows\System32\Wbem;C:\Windows\System32\WindowsPowerShell\v1.0\;C:\Windows\System32\OpenSSH\;D:\Program Files\MATLAB\R2016b\runtime\win64;D:\Program Files\MATLAB\R2016b\bin;C:\Program Files\Git\cmd;C:\Program Files (x86)\NetSarang\Xftp 7\;D:\apache-maven-3.8.3\bin;;C:\Program Files (x86)\NVIDIA Corporation\PhysX\Common;C:\Users\yonglunyao\AppData\Local\Microsoft\WindowsApps;C:\Program Files\JetBrains\IntelliJ IDEA 2021.2\bin;C:\Program Files (x86)\MaShang6\bin;C:\Program Files\Microsoft Office\root\Client;.]
2021-10-22 09:21:26.880  INFO 6000 --- [localhost-startStop-1] o.a.c.c.C.[Tomcat].[localhost].[/]       : Initializing Spring embedded WebApplicationContext
2021-10-22 09:21:26.881  INFO 6000 --- [localhost-startStop-1] o.s.web.context.ContextLoader            : Root WebApplicationContext: initialization completed in 892 ms
2021-10-22 09:21:27.008  INFO 6000 --- [localhost-startStop-1] o.s.b.w.servlet.ServletRegistrationBean  : Servlet dispatcherServlet mapped to [/]
2021-10-22 09:21:27.011  INFO 6000 --- [localhost-startStop-1] o.s.b.w.servlet.FilterRegistrationBean   : Mapping filter: 'characterEncodingFilter' to: [/*]
2021-10-22 09:21:27.011  INFO 6000 --- [localhost-startStop-1] o.s.b.w.servlet.FilterRegistrationBean   : Mapping filter: 'hiddenHttpMethodFilter' to: [/*]
2021-10-22 09:21:27.011  INFO 6000 --- [localhost-startStop-1] o.s.b.w.servlet.FilterRegistrationBean   : Mapping filter: 'httpPutFormContentFilter' to: [/*]
2021-10-22 09:21:27.012  INFO 6000 --- [localhost-startStop-1] o.s.b.w.servlet.FilterRegistrationBean   : Mapping filter: 'requestContextFilter' to: [/*]
2021-10-22 09:21:27.109  INFO 6000 --- [main] o.s.w.s.handler.SimpleUrlHandlerMapping  : Mapped URL path [/**/favicon.ico] onto handler of type [class org.springframework.web.servlet.resource.ResourceHttpRequestHandler]
2021-10-22 09:21:27.256  INFO 6000 --- [main] s.w.s.m.m.a.RequestMappingHandlerAdapter : Looking for @ControllerAdvice: org.springframework.boot.web.servlet.context.AnnotationConfigServletWebServerApplicationContext@4331d187: startup date [Fri Oct 22 09:21:25 CST 2021]; root of context hierarchy
2021-10-22 09:21:27.297  INFO 6000 --- [main] s.w.s.m.m.a.RequestMappingHandlerMapping : Mapped "{[/app/status]}" onto public java.lang.String com.demo.controller.HuaweiStatus.getStatus()
2021-10-22 09:21:27.298  INFO 6000 --- [main] s.w.s.m.m.a.RequestMappingHandlerMapping : Mapped "{[/app/test]}" onto public java.lang.String com.demo.controller.TestController.testDemo()
2021-10-22 09:21:27.301  INFO 6000 --- [main] s.w.s.m.m.a.RequestMappingHandlerMapping : Mapped "{[/error]}" onto public org.springframework.http.ResponseEntity<java.util.Map<java.lang.String, java.lang.Object>> org.springframework.boot.autoconfigure.web.servlet.error.BasicErrorController.error(javax.servlet.http.HttpServletRequest)
2021-10-22 09:21:27.301  INFO 6000 --- [main] s.w.s.m.m.a.RequestMappingHandlerMapping : Mapped "{[/error],produces=[text/html]}" onto public org.springframework.web.servlet.ModelAndView org.springframework.boot.autoconfigure.web.servlet.error.BasicErrorController.errorHtml(javax.servlet.http.HttpServletRequest,javax.servlet.http.HttpServletResponse)
2021-10-22 09:21:27.321  INFO 6000 --- [main] o.s.w.s.handler.SimpleUrlHandlerMapping  : Mapped URL path [/webjars/**] onto handler of type [class org.springframework.web.servlet.resource.ResourceHttpRequestHandler]
2021-10-22 09:21:27.321  INFO 6000 --- [main] o.s.w.s.handler.SimpleUrlHandlerMapping  : Mapped URL path [/**] onto handler of type [class org.springframework.web.servlet.resource.ResourceHttpRequestHandler]
2021-10-22 09:21:27.432  INFO 6000 --- [main] o.s.j.e.a.AnnotationMBeanExporter        : Registering beans for JMX exposure on startup
2021-10-22 09:21:27.460  INFO 6000 --- [main] o.s.b.w.embedded.tomcat.TomcatWebServer  : Tomcat started on port(s): 8080 (http) with context path ''
2021-10-22 09:21:27.473  INFO 6000 --- [main] c.demo.start.SpringBootdemoApplication   : Started SpringBootdemoApplication in 1.918 seconds (JVM running for 2.789)
2021-10-22 09:21:30.336  INFO 6000 --- [http-nio-8080-exec-1] o.a.c.c.C.[Tomcat].[localhost].[/]       : Initializing Spring FrameworkServlet 'dispatcherServlet'
2021-10-22 09:21:30.337  INFO 6000 --- [http-nio-8080-exec-1] o.s.web.servlet.DispatcherServlet        : FrameworkServlet 'dispatcherServlet': initialization started
2021-10-22 09:21:30.357  INFO 6000 --- [http-nio-8080-exec-1] o.s.web.servlet.DispatcherServlet        : FrameworkServlet 'dispatcherServlet': initialization completed in 20 ms
2021-10-22 09:21:49.742  INFO 6000 --- [Thread-3] ConfigServletWebServerApplicationContext : Closing org.springframework.boot.web.servlet.context.AnnotationConfigServletWebServerApplicationContext@4331d187: startup date [Fri Oct 22 09:21:25 CST 2021]; root of context hierarchy
2021-10-22 09:21:49.745  INFO 6000 --- [Thread-3] o.s.j.e.a.AnnotationMBeanExporter        : Unregistering JMX-exposed beans on shutdown
2021-10-22 09:22:00.778  INFO 25648 --- [main] c.demo.start.SpringBootdemoApplication   : Starting SpringBootdemoApplication on DESKTOP-7JQPCHV with PID 25648 (D:\code\spring-boot-demo\target\classes started by yonglunyao in D:\code\spring-boot-demo)
2021-10-22 09:22:00.782  INFO 25648 --- [main] c.demo.start.SpringBootdemoApplication   : No active profile set, falling back to default profiles: default
2021-10-22 09:22:00.827  INFO 25648 --- [main] ConfigServletWebServerApplicationContext : Refreshing org.springframework.boot.web.servlet.context.AnnotationConfigServletWebServerApplicationContext@39a2bb97: startup date [Fri Oct 22 09:22:00 CST 2021]; root of context hierarchy
2021-10-22 09:22:01.618  INFO 25648 --- [main] o.s.b.w.embedded.tomcat.TomcatWebServer  : Tomcat initialized with port(s): 8080 (http)
2021-10-22 09:22:01.635  INFO 25648 --- [main] o.apache.catalina.core.StandardService   : Starting service [Tomcat]
2021-10-22 09:22:01.635  INFO 25648 --- [main] org.apache.catalina.core.StandardEngine  : Starting Servlet Engine: Apache Tomcat/8.5.31
2021-10-22 09:22:01.639  INFO 25648 --- [localhost-startStop-1] o.a.catalina.core.AprLifecycleListener   : The APR based Apache Tomcat Native library which allows optimal performance in production environments was not found on the java.library.path: [C:\Program Files\Java\jdk1.8.0_201\bin;C:\Windows\Sun\Java\bin;C:\Windows\system32;C:\Windows;C:\Program Files (x86)\Common Files\Oracle\Java\javapath;C:\Windows\system32;C:\Windows;C:\Windows\System32\Wbem;C:\Windows\System32\WindowsPowerShell\v1.0\;C:\Windows\System32\OpenSSH\;D:\Program Files\MATLAB\R2016b\runtime\win64;D:\Program Files\MATLAB\R2016b\bin;C:\Program Files\Git\cmd;C:\Program Files (x86)\NetSarang\Xftp 7\;D:\apache-maven-3.8.3\bin;;C:\Program Files (x86)\NVIDIA Corporation\PhysX\Common;C:\Users\yonglunyao\AppData\Local\Microsoft\WindowsApps;C:\Program Files\JetBrains\IntelliJ IDEA 2021.2\bin;C:\Program Files (x86)\MaShang6\bin;C:\Program Files\Microsoft Office\root\Client;.]
2021-10-22 09:22:01.754  INFO 25648 --- [localhost-startStop-1] o.a.c.c.C.[Tomcat].[localhost].[/]       : Initializing Spring embedded WebApplicationContext
2021-10-22 09:22:01.754  INFO 25648 --- [localhost-startStop-1] o.s.web.context.ContextLoader            : Root WebApplicationContext: initialization completed in 927 ms
2021-10-22 09:22:01.893  INFO 25648 --- [localhost-startStop-1] o.s.b.w.servlet.ServletRegistrationBean  : Servlet dispatcherServlet mapped to [/]
2021-10-22 09:22:01.897  INFO 25648 --- [localhost-startStop-1] o.s.b.w.servlet.FilterRegistrationBean   : Mapping filter: 'characterEncodingFilter' to: [/*]
2021-10-22 09:22:01.898  INFO 25648 --- [localhost-startStop-1] o.s.b.w.servlet.FilterRegistrationBean   : Mapping filter: 'hiddenHttpMethodFilter' to: [/*]
2021-10-22 09:22:01.898  INFO 25648 --- [localhost-startStop-1] o.s.b.w.servlet.FilterRegistrationBean   : Mapping filter: 'httpPutFormContentFilter' to: [/*]
2021-10-22 09:22:01.898  INFO 25648 --- [localhost-startStop-1] o.s.b.w.servlet.FilterRegistrationBean   : Mapping filter: 'requestContextFilter' to: [/*]
2021-10-22 09:22:02.000  INFO 25648 --- [main] o.s.w.s.handler.SimpleUrlHandlerMapping  : Mapped URL path [/**/favicon.ico] onto handler of type [class org.springframework.web.servlet.resource.ResourceHttpRequestHandler]
2021-10-22 09:22:02.196  INFO 25648 --- [main] s.w.s.m.m.a.RequestMappingHandlerAdapter : Looking for @ControllerAdvice: org.springframework.boot.web.servlet.context.AnnotationConfigServletWebServerApplicationContext@39a2bb97: startup date [Fri Oct 22 09:22:00 CST 2021]; root of context hierarchy
2021-10-22 09:22:02.257  INFO 25648 --- [main] s.w.s.m.m.a.RequestMappingHandlerMapping : Mapped "{[/app/status]}" onto public java.lang.String com.demo.controller.HuaweiStatus.getStatus()
2021-10-22 09:22:02.259  INFO 25648 --- [main] s.w.s.m.m.a.RequestMappingHandlerMapping : Mapped "{[/app/test]}" onto public java.lang.String com.demo.controller.TestController.testDemo()
2021-10-22 09:22:02.261  INFO 25648 --- [main] s.w.s.m.m.a.RequestMappingHandlerMapping : Mapped "{[/error]}" onto public org.springframework.http.ResponseEntity<java.util.Map<java.lang.String, java.lang.Object>> org.springframework.boot.autoconfigure.web.servlet.error.BasicErrorController.error(javax.servlet.http.HttpServletRequest)
2021-10-22 09:22:02.262  INFO 25648 --- [main] s.w.s.m.m.a.RequestMappingHandlerMapping : Mapped "{[/error],produces=[text/html]}" onto public org.springframework.web.servlet.ModelAndView org.springframework.boot.autoconfigure.web.servlet.error.BasicErrorController.errorHtml(javax.servlet.http.HttpServletRequest,javax.servlet.http.HttpServletResponse)
2021-10-22 09:22:02.285  INFO 25648 --- [main] o.s.w.s.handler.SimpleUrlHandlerMapping  : Mapped URL path [/webjars/**] onto handler of type [class org.springframework.web.servlet.resource.ResourceHttpRequestHandler]
2021-10-22 09:22:02.285  INFO 25648 --- [main] o.s.w.s.handler.SimpleUrlHandlerMapping  : Mapped URL path [/**] onto handler of type [class org.springframework.web.servlet.resource.ResourceHttpRequestHandler]
2021-10-22 09:22:02.407  INFO 25648 --- [main] o.s.j.e.a.AnnotationMBeanExporter        : Registering beans for JMX exposure on startup
2021-10-22 09:22:02.441  INFO 25648 --- [main] o.s.b.w.embedded.tomcat.TomcatWebServer  : Tomcat started on port(s): 8080 (http) with context path ''
2021-10-22 09:22:02.444  INFO 25648 --- [main] c.demo.start.SpringBootdemoApplication   : Started SpringBootdemoApplication in 2.146 seconds (JVM running for 3.171)
2021-10-22 09:22:02.526  INFO 25648 --- [http-nio-8080-exec-1] o.a.c.c.C.[Tomcat].[localhost].[/]       : Initializing Spring FrameworkServlet 'dispatcherServlet'
2021-10-22 09:22:02.526  INFO 25648 --- [http-nio-8080-exec-1] o.s.web.servlet.DispatcherServlet        : FrameworkServlet 'dispatcherServlet': initialization started
2021-10-22 09:22:02.549  INFO 25648 --- [http-nio-8080-exec-1] o.s.web.servlet.DispatcherServlet        : FrameworkServlet 'dispatcherServlet': initialization completed in 23 ms
2021-10-22 09:22:12.717  INFO 25648 --- [Thread-3] ConfigServletWebServerApplicationContext : Closing org.springframework.boot.web.servlet.context.AnnotationConfigServletWebServerApplicationContext@39a2bb97: startup date [Fri Oct 22 09:22:00 CST 2021]; root of context hierarchy
2021-10-22 09:22:12.720  INFO 25648 --- [Thread-3] o.s.j.e.a.AnnotationMBeanExporter        : Unregistering JMX-exposed beans on shutdown
2021-10-22 09:22:17.532  INFO 9564 --- [main] c.demo.start.SpringBootdemoApplication   : Starting SpringBootdemoApplication on DESKTOP-7JQPCHV with PID 9564 (D:\code\spring-boot-demo\target\classes started by yonglunyao in D:\code\spring-boot-demo)
2021-10-22 09:22:17.536  INFO 9564 --- [main] c.demo.start.SpringBootdemoApplication   : No active profile set, falling back to default profiles: default
2021-10-22 09:22:17.578  INFO 9564 --- [main] ConfigServletWebServerApplicationContext : Refreshing org.springframework.boot.web.servlet.context.AnnotationConfigServletWebServerApplicationContext@39a2bb97: startup date [Fri Oct 22 09:22:17 CST 2021]; root of context hierarchy
2021-10-22 09:22:18.418  INFO 9564 --- [main] o.s.b.w.embedded.tomcat.TomcatWebServer  : Tomcat initialized with port(s): 8080 (http)
2021-10-22 09:22:18.433  INFO 9564 --- [main] o.apache.catalina.core.StandardService   : Starting service [Tomcat]
2021-10-22 09:22:18.433  INFO 9564 --- [main] org.apache.catalina.core.StandardEngine  : Starting Servlet Engine: Apache Tomcat/8.5.31
2021-10-22 09:22:18.437  INFO 9564 --- [localhost-startStop-1] o.a.catalina.core.AprLifecycleListener   : The APR based Apache Tomcat Native library which allows optimal performance in production environments was not found on the java.library.path: [C:\Program Files\Java\jdk1.8.0_201\bin;C:\Windows\Sun\Java\bin;C:\Windows\system32;C:\Windows;C:\Program Files (x86)\Common Files\Oracle\Java\javapath;C:\Windows\system32;C:\Windows;C:\Windows\System32\Wbem;C:\Windows\System32\WindowsPowerShell\v1.0\;C:\Windows\System32\OpenSSH\;D:\Program Files\MATLAB\R2016b\runtime\win64;D:\Program Files\MATLAB\R2016b\bin;C:\Program Files\Git\cmd;C:\Program Files (x86)\NetSarang\Xftp 7\;D:\apache-maven-3.8.3\bin;;C:\Program Files (x86)\NVIDIA Corporation\PhysX\Common;C:\Users\yonglunyao\AppData\Local\Microsoft\WindowsApps;C:\Program Files\JetBrains\IntelliJ IDEA 2021.2\bin;C:\Program Files (x86)\MaShang6\bin;C:\Program Files\Microsoft Office\root\Client;.]
2021-10-22 09:22:18.533  INFO 9564 --- [localhost-startStop-1] o.a.c.c.C.[Tomcat].[localhost].[/]       : Initializing Spring embedded WebApplicationContext
2021-10-22 09:22:18.533  INFO 9564 --- [localhost-startStop-1] o.s.web.context.ContextLoader            : Root WebApplicationContext: initialization completed in 955 ms
2021-10-22 09:22:18.661  INFO 9564 --- [localhost-startStop-1] o.s.b.w.servlet.ServletRegistrationBean  : Servlet dispatcherServlet mapped to [/]
2021-10-22 09:22:18.664  INFO 9564 --- [localhost-startStop-1] o.s.b.w.servlet.FilterRegistrationBean   : Mapping filter: 'characterEncodingFilter' to: [/*]
2021-10-22 09:22:18.665  INFO 9564 --- [localhost-startStop-1] o.s.b.w.servlet.FilterRegistrationBean   : Mapping filter: 'hiddenHttpMethodFilter' to: [/*]
2021-10-22 09:22:18.665  INFO 9564 --- [localhost-startStop-1] o.s.b.w.servlet.FilterRegistrationBean   : Mapping filter: 'httpPutFormContentFilter' to: [/*]
2021-10-22 09:22:18.665  INFO 9564 --- [localhost-startStop-1] o.s.b.w.servlet.FilterRegistrationBean   : Mapping filter: 'requestContextFilter' to: [/*]
2021-10-22 09:22:18.754  INFO 9564 --- [main] o.s.w.s.handler.SimpleUrlHandlerMapping  : Mapped URL path [/**/favicon.ico] onto handler of type [class org.springframework.web.servlet.resource.ResourceHttpRequestHandler]
2021-10-22 09:22:18.929  INFO 9564 --- [main] s.w.s.m.m.a.RequestMappingHandlerAdapter : Looking for @ControllerAdvice: org.springframework.boot.web.servlet.context.AnnotationConfigServletWebServerApplicationContext@39a2bb97: startup date [Fri Oct 22 09:22:17 CST 2021]; root of context hierarchy
2021-10-22 09:22:18.976  INFO 9564 --- [main] s.w.s.m.m.a.RequestMappingHandlerMapping : Mapped "{[/app/status]}" onto public java.lang.String com.demo.controller.HuaweiStatus.getStatus()
2021-10-22 09:22:18.978  INFO 9564 --- [main] s.w.s.m.m.a.RequestMappingHandlerMapping : Mapped "{[/app/test]}" onto public java.lang.String com.demo.controller.TestController.testDemo()
2021-10-22 09:22:18.980  INFO 9564 --- [main] s.w.s.m.m.a.RequestMappingHandlerMapping : Mapped "{[/error]}" onto public org.springframework.http.ResponseEntity<java.util.Map<java.lang.String, java.lang.Object>> org.springframework.boot.autoconfigure.web.servlet.error.BasicErrorController.error(javax.servlet.http.HttpServletRequest)
2021-10-22 09:22:18.981  INFO 9564 --- [main] s.w.s.m.m.a.RequestMappingHandlerMapping : Mapped "{[/error],produces=[text/html]}" onto public org.springframework.web.servlet.ModelAndView org.springframework.boot.autoconfigure.web.servlet.error.BasicErrorController.errorHtml(javax.servlet.http.HttpServletRequest,javax.servlet.http.HttpServletResponse)
2021-10-22 09:22:19.003  INFO 9564 --- [main] o.s.w.s.handler.SimpleUrlHandlerMapping  : Mapped URL path [/webjars/**] onto handler of type [class org.springframework.web.servlet.resource.ResourceHttpRequestHandler]
2021-10-22 09:22:19.003  INFO 9564 --- [main] o.s.w.s.handler.SimpleUrlHandlerMapping  : Mapped URL path [/**] onto handler of type [class org.springframework.web.servlet.resource.ResourceHttpRequestHandler]
2021-10-22 09:22:19.121  INFO 9564 --- [main] o.s.j.e.a.AnnotationMBeanExporter        : Registering beans for JMX exposure on startup
2021-10-22 09:22:19.155  INFO 9564 --- [main] o.s.b.w.embedded.tomcat.TomcatWebServer  : Tomcat started on port(s): 8080 (http) with context path ''
2021-10-22 09:22:19.159  INFO 9564 --- [main] c.demo.start.SpringBootdemoApplication   : Started SpringBootdemoApplication in 2.023 seconds (JVM running for 3.088)
2021-10-22 09:22:19.232  INFO 9564 --- [http-nio-8080-exec-2] o.a.c.c.C.[Tomcat].[localhost].[/]       : Initializing Spring FrameworkServlet 'dispatcherServlet'
2021-10-22 09:22:19.232  INFO 9564 --- [http-nio-8080-exec-2] o.s.web.servlet.DispatcherServlet        : FrameworkServlet 'dispatcherServlet': initialization started
2021-10-22 09:22:19.254  INFO 9564 --- [http-nio-8080-exec-2] o.s.web.servlet.DispatcherServlet        : FrameworkServlet 'dispatcherServlet': initialization completed in 21 ms
2021-10-22 09:24:11.001  INFO 9564 --- [Thread-3] ConfigServletWebServerApplicationContext : Closing org.springframework.boot.web.servlet.context.AnnotationConfigServletWebServerApplicationContext@39a2bb97: startup date [Fri Oct 22 09:22:17 CST 2021]; root of context hierarchy
2021-10-22 09:24:11.003  INFO 9564 --- [Thread-3] o.s.j.e.a.AnnotationMBeanExporter        : Unregistering JMX-exposed beans on shutdown
2021-10-22 09:24:17.074  INFO 18476 --- [main] c.demo.start.SpringBootdemoApplication   : Starting SpringBootdemoApplication on DESKTOP-7JQPCHV with PID 18476 (D:\code\spring-boot-demo\target\classes started by yonglunyao in D:\code\spring-boot-demo)
2021-10-22 09:24:17.076  INFO 18476 --- [main] c.demo.start.SpringBootdemoApplication   : No active profile set, falling back to default profiles: default
2021-10-22 09:24:17.122  INFO 18476 --- [main] ConfigServletWebServerApplicationContext : Refreshing org.springframework.boot.web.servlet.context.AnnotationConfigServletWebServerApplicationContext@3ad2e17: startup date [Fri Oct 22 09:24:17 CST 2021]; root of context hierarchy
2021-10-22 09:24:17.940  INFO 18476 --- [main] o.s.b.w.embedded.tomcat.TomcatWebServer  : Tomcat initialized with port(s): 8080 (http)
2021-10-22 09:24:17.958  INFO 18476 --- [main] o.apache.catalina.core.StandardService   : Starting service [Tomcat]
2021-10-22 09:24:17.958  INFO 18476 --- [main] org.apache.catalina.core.StandardEngine  : Starting Servlet Engine: Apache Tomcat/8.5.31
2021-10-22 09:24:17.963  INFO 18476 --- [localhost-startStop-1] o.a.catalina.core.AprLifecycleListener   : The APR based Apache Tomcat Native library which allows optimal performance in production environments was not found on the java.library.path: [C:\Program Files\Java\jdk1.8.0_201\bin;C:\Windows\Sun\Java\bin;C:\Windows\system32;C:\Windows;C:\Program Files (x86)\Common Files\Oracle\Java\javapath;C:\Windows\system32;C:\Windows;C:\Windows\System32\Wbem;C:\Windows\System32\WindowsPowerShell\v1.0\;C:\Windows\System32\OpenSSH\;D:\Program Files\MATLAB\R2016b\runtime\win64;D:\Program Files\MATLAB\R2016b\bin;C:\Program Files\Git\cmd;C:\Program Files (x86)\NetSarang\Xftp 7\;D:\apache-maven-3.8.3\bin;;C:\Program Files (x86)\NVIDIA Corporation\PhysX\Common;C:\Users\yonglunyao\AppData\Local\Microsoft\WindowsApps;C:\Program Files\JetBrains\IntelliJ IDEA 2021.2\bin;C:\Program Files (x86)\MaShang6\bin;C:\Program Files\Microsoft Office\root\Client;.]
2021-10-22 09:24:18.070  INFO 18476 --- [localhost-startStop-1] o.a.c.c.C.[Tomcat].[localhost].[/]       : Initializing Spring embedded WebApplicationContext
2021-10-22 09:24:18.070  INFO 18476 --- [localhost-startStop-1] o.s.web.context.ContextLoader            : Root WebApplicationContext: initialization completed in 948 ms
2021-10-22 09:24:18.197  INFO 18476 --- [localhost-startStop-1] o.s.b.w.servlet.ServletRegistrationBean  : Servlet dispatcherServlet mapped to [/]
2021-10-22 09:24:18.200  INFO 18476 --- [localhost-startStop-1] o.s.b.w.servlet.FilterRegistrationBean   : Mapping filter: 'characterEncodingFilter' to: [/*]
2021-10-22 09:24:18.200  INFO 18476 --- [localhost-startStop-1] o.s.b.w.servlet.FilterRegistrationBean   : Mapping filter: 'hiddenHttpMethodFilter' to: [/*]
2021-10-22 09:24:18.200  INFO 18476 --- [localhost-startStop-1] o.s.b.w.servlet.FilterRegistrationBean   : Mapping filter: 'httpPutFormContentFilter' to: [/*]
2021-10-22 09:24:18.200  INFO 18476 --- [localhost-startStop-1] o.s.b.w.servlet.FilterRegistrationBean   : Mapping filter: 'requestContextFilter' to: [/*]
2021-10-22 09:24:18.289  INFO 18476 --- [main] o.s.w.s.handler.SimpleUrlHandlerMapping  : Mapped URL path [/**/favicon.ico] onto handler of type [class org.springframework.web.servlet.resource.ResourceHttpRequestHandler]
2021-10-22 09:24:18.435  INFO 18476 --- [main] s.w.s.m.m.a.RequestMappingHandlerAdapter : Looking for @ControllerAdvice: org.springframework.boot.web.servlet.context.AnnotationConfigServletWebServerApplicationContext@3ad2e17: startup date [Fri Oct 22 09:24:17 CST 2021]; root of context hierarchy
2021-10-22 09:24:18.479  INFO 18476 --- [main] s.w.s.m.m.a.RequestMappingHandlerMapping : Mapped "{[/app/status]}" onto public java.lang.String com.demo.controller.HuaweiStatus.getStatus()
2021-10-22 09:24:18.480  INFO 18476 --- [main] s.w.s.m.m.a.RequestMappingHandlerMapping : Mapped "{[/app/test]}" onto public java.lang.String com.demo.controller.TestController.testDemo()
2021-10-22 09:24:18.483  INFO 18476 --- [main] s.w.s.m.m.a.RequestMappingHandlerMapping : Mapped "{[/error]}" onto public org.springframework.http.ResponseEntity<java.util.Map<java.lang.String, java.lang.Object>> org.springframework.boot.autoconfigure.web.servlet.error.BasicErrorController.error(javax.servlet.http.HttpServletRequest)
2021-10-22 09:24:18.483  INFO 18476 --- [main] s.w.s.m.m.a.RequestMappingHandlerMapping : Mapped "{[/error],produces=[text/html]}" onto public org.springframework.web.servlet.ModelAndView org.springframework.boot.autoconfigure.web.servlet.error.BasicErrorController.errorHtml(javax.servlet.http.HttpServletRequest,javax.servlet.http.HttpServletResponse)
2021-10-22 09:24:18.505  INFO 18476 --- [main] o.s.w.s.handler.SimpleUrlHandlerMapping  : Mapped URL path [/webjars/**] onto handler of type [class org.springframework.web.servlet.resource.ResourceHttpRequestHandler]
2021-10-22 09:24:18.505  INFO 18476 --- [main] o.s.w.s.handler.SimpleUrlHandlerMapping  : Mapped URL path [/**] onto handler of type [class org.springframework.web.servlet.resource.ResourceHttpRequestHandler]
2021-10-22 09:24:18.617  INFO 18476 --- [main] o.s.j.e.a.AnnotationMBeanExporter        : Registering beans for JMX exposure on startup
2021-10-22 09:24:18.646  INFO 18476 --- [main] o.s.b.w.embedded.tomcat.TomcatWebServer  : Tomcat started on port(s): 8080 (http) with context path ''
2021-10-22 09:24:18.650  INFO 18476 --- [main] c.demo.start.SpringBootdemoApplication   : Started SpringBootdemoApplication in 1.974 seconds (JVM running for 2.954)
2021-10-22 09:24:18.840  INFO 18476 --- [http-nio-8080-exec-1] o.a.c.c.C.[Tomcat].[localhost].[/]       : Initializing Spring FrameworkServlet 'dispatcherServlet'
2021-10-22 09:24:18.840  INFO 18476 --- [http-nio-8080-exec-1] o.s.web.servlet.DispatcherServlet        : FrameworkServlet 'dispatcherServlet': initialization started
2021-10-22 09:24:18.860  INFO 18476 --- [http-nio-8080-exec-1] o.s.web.servlet.DispatcherServlet        : FrameworkServlet 'dispatcherServlet': initialization completed in 20 ms
2021-10-22 09:25:47.717  INFO 18476 --- [Thread-3] ConfigServletWebServerApplicationContext : Closing org.springframework.boot.web.servlet.context.AnnotationConfigServletWebServerApplicationContext@3ad2e17: startup date [Fri Oct 22 09:24:17 CST 2021]; root of context hierarchy
2021-10-22 09:25:47.719  INFO 18476 --- [Thread-3] o.s.j.e.a.AnnotationMBeanExporter        : Unregistering JMX-exposed beans on shutdown
